<?xml version="1.0" encoding="UTF-8"?>
<testng-results skipped="0" failed="0" total="1" passed="1">
  <reporter-output>
  </reporter-output>
  <suite name="Default suite" duration-ms="31049" started-at="2019-09-05T07:36:47Z" finished-at="2019-09-05T07:37:18Z">
    <groups>
      <group name="cucumber">
        <method signature="AbstractTestNGCucumberTests.runScenario(cucumber.api.testng.PickleEventWrapper, cucumber.api.testng.CucumberFeatureWrapper)[pri:0, instance:runner.LoginRunner@59f99ea]" name="runScenario" class="cucumber.api.testng.AbstractTestNGCucumberTests"/>
      </group> <!-- cucumber -->
    </groups>
    <test name="Default test" duration-ms="31049" started-at="2019-09-05T07:36:47Z" finished-at="2019-09-05T07:37:18Z">
      <class name="runner.LoginRunner">
        <test-method status="PASS" signature="setUpClass()[pri:0, instance:runner.LoginRunner@59f99ea]" name="setUpClass" is-config="true" duration-ms="208" started-at="2019-09-05T13:06:47Z" finished-at="2019-09-05T13:06:47Z">
          <reporter-output>
          </reporter-output>
        </test-method> <!-- setUpClass -->
        <test-method status="PASS" signature="runScenario(cucumber.api.testng.PickleEventWrapper, cucumber.api.testng.CucumberFeatureWrapper)[pri:0, instance:runner.LoginRunner@59f99ea]" name="runScenario" duration-ms="30320" started-at="2019-09-05T13:06:47Z" description="Runs Cucumber Scenarios" data-provider="scenarios" finished-at="2019-09-05T13:07:18Z">
          <params>
            <param index="0">
              <value>
                <![CDATA["Testing the login feature with valid credentials"]]>
              </value>
            </param>
            <param index="1">
              <value>
                <![CDATA["Testing the login Feature"]]>
              </value>
            </param>
          </params>
          <reporter-output>
          </reporter-output>
        </test-method> <!-- runScenario -->
        <test-method status="PASS" signature="tearDownClass()[pri:0, instance:runner.LoginRunner@59f99ea]" name="tearDownClass" is-config="true" duration-ms="453" started-at="2019-09-05T13:07:18Z" finished-at="2019-09-05T13:07:18Z">
          <reporter-output>
          </reporter-output>
        </test-method> <!-- tearDownClass -->
      </class> <!-- runner.LoginRunner -->
    </test> <!-- Default test -->
  </suite> <!-- Default suite -->
</testng-results>
